[ 2017-06-24T15:59:20+08:00 ] ::1 /classmoments2/index.php?m=Home&c=User&a=login
INFO: [ app_init ] --START--
INFO: Run Behavior\BuildLiteBehavior [ RunTime:0.000023s ]
INFO: [ app_init ] --END-- [ RunTime:0.000740s ]
NOTIC: [8] Use of undefined constant SESSION_OPTIONS - assumed 'SESSION_OPTIONS' D:\xampp\htdocs\classMoments2\Application\Home\Conf\config.php 第 11 行.
INFO: [ app_begin ] --START--
INFO: Run Behavior\ReadHtmlCacheBehavior [ RunTime:0.000920s ]
INFO: [ app_begin ] --END-- [ RunTime:0.001013s ]
INFO: [ view_parse ] --START--
INFO: [ template_filter ] --START--
INFO: Run Behavior\ContentReplaceBehavior [ RunTime:0.000088s ]
INFO: [ template_filter ] --END-- [ RunTime:0.000144s ]
NOTIC: [8] Undefined variable: error D:\xampp\htdocs\classMoments2\Application\Runtime\Cache\Home\7decc6381a0efdf852760515fe6f7762.php 第 36 行.
NOTIC: [8] Undefined variable: op D:\xampp\htdocs\classMoments2\Application\Runtime\Cache\Home\7decc6381a0efdf852760515fe6f7762.php 第 37 行.
NOTIC: [8] Undefined variable: op D:\xampp\htdocs\classMoments2\Application\Runtime\Cache\Home\7decc6381a0efdf852760515fe6f7762.php 第 39 行.
NOTIC: [8] Undefined variable: error D:\xampp\htdocs\classMoments2\Application\Runtime\Cache\Home\7decc6381a0efdf852760515fe6f7762.php 第 245 行.
NOTIC: [8] Undefined variable: error D:\xampp\htdocs\classMoments2\Application\Runtime\Cache\Home\7decc6381a0efdf852760515fe6f7762.php 第 293 行.
INFO: Run Behavior\ParseTemplateBehavior [ RunTime:0.009347s ]
INFO: [ view_parse ] --END-- [ RunTime:0.009412s ]
INFO: [ view_filter ] --START--
INFO: Run Behavior\WriteHtmlCacheBehavior [ RunTime:0.000534s ]
INFO: [ view_filter ] --END-- [ RunTime:0.000582s ]
INFO: [ app_end ] --START--
INFO: Run Behavior\ShowPageTraceBehavior [ RunTime:0.000778s ]
INFO: [ app_end ] --END-- [ RunTime:0.000874s ]

[ 2017-06-24T15:59:23+08:00 ] ::1 /classmoments2/index.php?m=Home&c=User&a=login
INFO: [ app_init ] --START--
INFO: Run Behavior\BuildLiteBehavior [ RunTime:0.000030s ]
INFO: [ app_init ] --END-- [ RunTime:0.000717s ]
NOTIC: [8] Use of undefined constant SESSION_OPTIONS - assumed 'SESSION_OPTIONS' D:\xampp\htdocs\classMoments2\Application\Home\Conf\config.php 第 11 行.
INFO: [ app_begin ] --START--
INFO: Run Behavior\ReadHtmlCacheBehavior [ RunTime:0.000829s ]
INFO: [ app_begin ] --END-- [ RunTime:0.000934s ]
INFO: [ view_parse ] --START--
INFO: [ template_filter ] --START--
INFO: Run Behavior\ContentReplaceBehavior [ RunTime:0.000151s ]
INFO: [ template_filter ] --END-- [ RunTime:0.000260s ]
NOTIC: [8] Undefined variable: error D:\xampp\htdocs\classMoments2\Application\Runtime\Cache\Home\7decc6381a0efdf852760515fe6f7762.php 第 36 行.
NOTIC: [8] Undefined variable: op D:\xampp\htdocs\classMoments2\Application\Runtime\Cache\Home\7decc6381a0efdf852760515fe6f7762.php 第 37 行.
NOTIC: [8] Undefined variable: op D:\xampp\htdocs\classMoments2\Application\Runtime\Cache\Home\7decc6381a0efdf852760515fe6f7762.php 第 39 行.
NOTIC: [8] Undefined variable: error D:\xampp\htdocs\classMoments2\Application\Runtime\Cache\Home\7decc6381a0efdf852760515fe6f7762.php 第 245 行.
NOTIC: [8] Undefined variable: error D:\xampp\htdocs\classMoments2\Application\Runtime\Cache\Home\7decc6381a0efdf852760515fe6f7762.php 第 293 行.
INFO: Run Behavior\ParseTemplateBehavior [ RunTime:0.007753s ]
INFO: [ view_parse ] --END-- [ RunTime:0.007822s ]
INFO: [ view_filter ] --START--
INFO: Run Behavior\WriteHtmlCacheBehavior [ RunTime:0.000315s ]
INFO: [ view_filter ] --END-- [ RunTime:0.000373s ]
INFO: [ app_end ] --START--
INFO: Run Behavior\ShowPageTraceBehavior [ RunTime:0.000590s ]
INFO: [ app_end ] --END-- [ RunTime:0.000654s ]

[ 2017-06-24T15:59:25+08:00 ] ::1 /classmoments2/index.php?m=Home&c=User&a=login
INFO: [ app_init ] --START--
INFO: Run Behavior\BuildLiteBehavior [ RunTime:0.000024s ]
INFO: [ app_init ] --END-- [ RunTime:0.000594s ]
NOTIC: [8] Use of undefined constant SESSION_OPTIONS - assumed 'SESSION_OPTIONS' D:\xampp\htdocs\classMoments2\Application\Home\Conf\config.php 第 11 行.
INFO: [ app_begin ] --START--
INFO: Run Behavior\ReadHtmlCacheBehavior [ RunTime:0.000906s ]
INFO: [ app_begin ] --END-- [ RunTime:0.001002s ]
INFO: [ view_parse ] --START--
INFO: [ template_filter ] --START--
INFO: Run Behavior\ContentReplaceBehavior [ RunTime:0.000090s ]
INFO: [ template_filter ] --END-- [ RunTime:0.000148s ]
NOTIC: [8] Undefined variable: error D:\xampp\htdocs\classMoments2\Application\Runtime\Cache\Home\7decc6381a0efdf852760515fe6f7762.php 第 36 行.
NOTIC: [8] Undefined variable: op D:\xampp\htdocs\classMoments2\Application\Runtime\Cache\Home\7decc6381a0efdf852760515fe6f7762.php 第 37 行.
NOTIC: [8] Undefined variable: op D:\xampp\htdocs\classMoments2\Application\Runtime\Cache\Home\7decc6381a0efdf852760515fe6f7762.php 第 39 行.
NOTIC: [8] Undefined variable: error D:\xampp\htdocs\classMoments2\Application\Runtime\Cache\Home\7decc6381a0efdf852760515fe6f7762.php 第 245 行.
NOTIC: [8] Undefined variable: error D:\xampp\htdocs\classMoments2\Application\Runtime\Cache\Home\7decc6381a0efdf852760515fe6f7762.php 第 293 行.
INFO: Run Behavior\ParseTemplateBehavior [ RunTime:0.009422s ]
INFO: [ view_parse ] --END-- [ RunTime:0.009496s ]
INFO: [ view_filter ] --START--
INFO: Run Behavior\WriteHtmlCacheBehavior [ RunTime:0.000313s ]
INFO: [ view_filter ] --END-- [ RunTime:0.000362s ]
INFO: [ app_end ] --START--
INFO: Run Behavior\ShowPageTraceBehavior [ RunTime:0.000607s ]
INFO: [ app_end ] --END-- [ RunTime:0.000674s ]

[ 2017-06-24T15:59:27+08:00 ] ::1 /classmoments2/index.php?m=Home&c=User&a=login
INFO: [ app_init ] --START--
INFO: Run Behavior\BuildLiteBehavior [ RunTime:0.000026s ]
INFO: [ app_init ] --END-- [ RunTime:0.000601s ]
NOTIC: [8] Use of undefined constant SESSION_OPTIONS - assumed 'SESSION_OPTIONS' D:\xampp\htdocs\classMoments2\Application\Home\Conf\config.php 第 11 行.
INFO: [ app_begin ] --START--
INFO: Run Behavior\ReadHtmlCacheBehavior [ RunTime:0.000712s ]
INFO: [ app_begin ] --END-- [ RunTime:0.000806s ]
INFO: [ view_parse ] --START--
INFO: [ template_filter ] --START--
INFO: Run Behavior\ContentReplaceBehavior [ RunTime:0.000133s ]
INFO: [ template_filter ] --END-- [ RunTime:0.000217s ]
NOTIC: [8] Undefined variable: error D:\xampp\htdocs\classMoments2\Application\Runtime\Cache\Home\7decc6381a0efdf852760515fe6f7762.php 第 36 行.
NOTIC: [8] Undefined variable: op D:\xampp\htdocs\classMoments2\Application\Runtime\Cache\Home\7decc6381a0efdf852760515fe6f7762.php 第 37 行.
NOTIC: [8] Undefined variable: op D:\xampp\htdocs\classMoments2\Application\Runtime\Cache\Home\7decc6381a0efdf852760515fe6f7762.php 第 39 行.
NOTIC: [8] Undefined variable: error D:\xampp\htdocs\classMoments2\Application\Runtime\Cache\Home\7decc6381a0efdf852760515fe6f7762.php 第 245 行.
NOTIC: [8] Undefined variable: error D:\xampp\htdocs\classMoments2\Application\Runtime\Cache\Home\7decc6381a0efdf852760515fe6f7762.php 第 293 行.
INFO: Run Behavior\ParseTemplateBehavior [ RunTime:0.010334s ]
INFO: [ view_parse ] --END-- [ RunTime:0.010402s ]
INFO: [ view_filter ] --START--
INFO: Run Behavior\WriteHtmlCacheBehavior [ RunTime:0.000382s ]
INFO: [ view_filter ] --END-- [ RunTime:0.000439s ]
INFO: [ app_end ] --START--
INFO: Run Behavior\ShowPageTraceBehavior [ RunTime:0.000686s ]
INFO: [ app_end ] --END-- [ RunTime:0.000769s ]

[ 2017-06-24T15:59:33+08:00 ] ::1 /classmoments2/index.php?m=Home&c=User&a=login
INFO: [ app_init ] --START--
INFO: Run Behavior\BuildLiteBehavior [ RunTime:0.000024s ]
INFO: [ app_init ] --END-- [ RunTime:0.001018s ]
NOTIC: [8] Use of undefined constant SESSION_OPTIONS - assumed 'SESSION_OPTIONS' D:\xampp\htdocs\classMoments2\Application\Home\Conf\config.php 第 11 行.
INFO: [ app_begin ] --START--
INFO: Run Behavior\ReadHtmlCacheBehavior [ RunTime:0.000846s ]
INFO: [ app_begin ] --END-- [ RunTime:0.000946s ]
INFO: [ view_parse ] --START--
INFO: [ template_filter ] --START--
INFO: Run Behavior\ContentReplaceBehavior [ RunTime:0.000153s ]
INFO: [ template_filter ] --END-- [ RunTime:0.000254s ]
NOTIC: [8] Undefined variable: error D:\xampp\htdocs\classMoments2\Application\Runtime\Cache\Home\7decc6381a0efdf852760515fe6f7762.php 第 36 行.
NOTIC: [8] Undefined variable: op D:\xampp\htdocs\classMoments2\Application\Runtime\Cache\Home\7decc6381a0efdf852760515fe6f7762.php 第 37 行.
NOTIC: [8] Undefined variable: op D:\xampp\htdocs\classMoments2\Application\Runtime\Cache\Home\7decc6381a0efdf852760515fe6f7762.php 第 39 行.
NOTIC: [8] Undefined variable: error D:\xampp\htdocs\classMoments2\Application\Runtime\Cache\Home\7decc6381a0efdf852760515fe6f7762.php 第 245 行.
NOTIC: [8] Undefined variable: error D:\xampp\htdocs\classMoments2\Application\Runtime\Cache\Home\7decc6381a0efdf852760515fe6f7762.php 第 293 行.
INFO: Run Behavior\ParseTemplateBehavior [ RunTime:0.008867s ]
INFO: [ view_parse ] --END-- [ RunTime:0.008920s ]
INFO: [ view_filter ] --START--
INFO: Run Behavior\WriteHtmlCacheBehavior [ RunTime:0.000539s ]
INFO: [ view_filter ] --END-- [ RunTime:0.000602s ]
INFO: [ app_end ] --START--
INFO: Run Behavior\ShowPageTraceBehavior [ RunTime:0.002030s ]
INFO: [ app_end ] --END-- [ RunTime:0.002111s ]

[ 2017-06-24T16:00:46+08:00 ] ::1 /classmoments2/index.php?m=Home&c=User&a=login
INFO: [ app_init ] --START--
INFO: Run Behavior\BuildLiteBehavior [ RunTime:0.000023s ]
INFO: [ app_init ] --END-- [ RunTime:0.000689s ]
NOTIC: [8] Use of undefined constant SESSION_OPTIONS - assumed 'SESSION_OPTIONS' D:\xampp\htdocs\classMoments2\Application\Home\Conf\config.php 第 11 行.
INFO: [ app_begin ] --START--
INFO: Run Behavior\ReadHtmlCacheBehavior [ RunTime:0.000849s ]
INFO: [ app_begin ] --END-- [ RunTime:0.000936s ]
INFO: [ view_parse ] --START--
INFO: [ template_filter ] --START--
INFO: Run Behavior\ContentReplaceBehavior [ RunTime:0.000084s ]
INFO: [ template_filter ] --END-- [ RunTime:0.000140s ]
NOTIC: [8] Undefined variable: error D:\xampp\htdocs\classMoments2\Application\Runtime\Cache\Home\7decc6381a0efdf852760515fe6f7762.php 第 35 行.
NOTIC: [8] Undefined variable: op D:\xampp\htdocs\classMoments2\Application\Runtime\Cache\Home\7decc6381a0efdf852760515fe6f7762.php 第 36 行.
NOTIC: [8] Undefined variable: op D:\xampp\htdocs\classMoments2\Application\Runtime\Cache\Home\7decc6381a0efdf852760515fe6f7762.php 第 38 行.
NOTIC: [8] Undefined variable: error D:\xampp\htdocs\classMoments2\Application\Runtime\Cache\Home\7decc6381a0efdf852760515fe6f7762.php 第 244 行.
NOTIC: [8] Undefined variable: error D:\xampp\htdocs\classMoments2\Application\Runtime\Cache\Home\7decc6381a0efdf852760515fe6f7762.php 第 292 行.
INFO: Run Behavior\ParseTemplateBehavior [ RunTime:0.008922s ]
INFO: [ view_parse ] --END-- [ RunTime:0.008989s ]
INFO: [ view_filter ] --START--
INFO: Run Behavior\WriteHtmlCacheBehavior [ RunTime:0.000548s ]
INFO: [ view_filter ] --END-- [ RunTime:0.000598s ]
INFO: [ app_end ] --START--
INFO: Run Behavior\ShowPageTraceBehavior [ RunTime:0.000887s ]
INFO: [ app_end ] --END-- [ RunTime:0.000960s ]

[ 2017-06-24T16:00:49+08:00 ] ::1 /classmoments2/index.php?m=Home&c=User&a=login
INFO: [ app_init ] --START--
INFO: Run Behavior\BuildLiteBehavior [ RunTime:0.000028s ]
INFO: [ app_init ] --END-- [ RunTime:0.000651s ]
NOTIC: [8] Use of undefined constant SESSION_OPTIONS - assumed 'SESSION_OPTIONS' D:\xampp\htdocs\classMoments2\Application\Home\Conf\config.php 第 11 行.
INFO: [ app_begin ] --START--
INFO: Run Behavior\ReadHtmlCacheBehavior [ RunTime:0.000776s ]
INFO: [ app_begin ] --END-- [ RunTime:0.000882s ]
INFO: [ view_parse ] --START--
INFO: [ template_filter ] --START--
INFO: Run Behavior\ContentReplaceBehavior [ RunTime:0.000146s ]
INFO: [ template_filter ] --END-- [ RunTime:0.000219s ]
NOTIC: [8] Undefined variable: error D:\xampp\htdocs\classMoments2\Application\Runtime\Cache\Home\7decc6381a0efdf852760515fe6f7762.php 第 35 行.
NOTIC: [8] Undefined variable: op D:\xampp\htdocs\classMoments2\Application\Runtime\Cache\Home\7decc6381a0efdf852760515fe6f7762.php 第 36 行.
NOTIC: [8] Undefined variable: op D:\xampp\htdocs\classMoments2\Application\Runtime\Cache\Home\7decc6381a0efdf852760515fe6f7762.php 第 38 行.
NOTIC: [8] Undefined variable: error D:\xampp\htdocs\classMoments2\Application\Runtime\Cache\Home\7decc6381a0efdf852760515fe6f7762.php 第 244 行.
NOTIC: [8] Undefined variable: error D:\xampp\htdocs\classMoments2\Application\Runtime\Cache\Home\7decc6381a0efdf852760515fe6f7762.php 第 292 行.
INFO: Run Behavior\ParseTemplateBehavior [ RunTime:0.009701s ]
INFO: [ view_parse ] --END-- [ RunTime:0.009757s ]
INFO: [ view_filter ] --START--
INFO: Run Behavior\WriteHtmlCacheBehavior [ RunTime:0.000238s ]
INFO: [ view_filter ] --END-- [ RunTime:0.000274s ]
INFO: [ app_end ] --START--
INFO: Run Behavior\ShowPageTraceBehavior [ RunTime:0.000553s ]
INFO: [ app_end ] --END-- [ RunTime:0.000599s ]

[ 2017-06-24T16:00:54+08:00 ] ::1 /classmoments2/index.php?m=Home&c=User&a=login
INFO: [ app_init ] --START--
INFO: Run Behavior\BuildLiteBehavior [ RunTime:0.000021s ]
INFO: [ app_init ] --END-- [ RunTime:0.000527s ]
NOTIC: [8] Use of undefined constant SESSION_OPTIONS - assumed 'SESSION_OPTIONS' D:\xampp\htdocs\classMoments2\Application\Home\Conf\config.php 第 11 行.
INFO: [ app_begin ] --START--
INFO: Run Behavior\ReadHtmlCacheBehavior [ RunTime:0.000581s ]
INFO: [ app_begin ] --END-- [ RunTime:0.000652s ]
INFO: [ view_parse ] --START--
INFO: [ template_filter ] --START--
INFO: Run Behavior\ContentReplaceBehavior [ RunTime:0.000127s ]
INFO: [ template_filter ] --END-- [ RunTime:0.000205s ]
NOTIC: [8] Undefined variable: error D:\xampp\htdocs\classMoments2\Application\Runtime\Cache\Home\7decc6381a0efdf852760515fe6f7762.php 第 35 行.
NOTIC: [8] Undefined variable: op D:\xampp\htdocs\classMoments2\Application\Runtime\Cache\Home\7decc6381a0efdf852760515fe6f7762.php 第 36 行.
NOTIC: [8] Undefined variable: op D:\xampp\htdocs\classMoments2\Application\Runtime\Cache\Home\7decc6381a0efdf852760515fe6f7762.php 第 38 行.
NOTIC: [8] Undefined variable: error D:\xampp\htdocs\classMoments2\Application\Runtime\Cache\Home\7decc6381a0efdf852760515fe6f7762.php 第 244 行.
NOTIC: [8] Undefined variable: error D:\xampp\htdocs\classMoments2\Application\Runtime\Cache\Home\7decc6381a0efdf852760515fe6f7762.php 第 292 行.
INFO: Run Behavior\ParseTemplateBehavior [ RunTime:0.008255s ]
INFO: [ view_parse ] --END-- [ RunTime:0.008331s ]
INFO: [ view_filter ] --START--
INFO: Run Behavior\WriteHtmlCacheBehavior [ RunTime:0.000317s ]
INFO: [ view_filter ] --END-- [ RunTime:0.000361s ]
INFO: [ app_end ] --START--
INFO: Run Behavior\ShowPageTraceBehavior [ RunTime:0.000541s ]
INFO: [ app_end ] --END-- [ RunTime:0.000589s ]

[ 2017-06-24T16:01:02+08:00 ] ::1 /classmoments2/index.php?m=Home&c=User&a=login
INFO: [ app_init ] --START--
INFO: Run Behavior\BuildLiteBehavior [ RunTime:0.000015s ]
INFO: [ app_init ] --END-- [ RunTime:0.000396s ]
NOTIC: [8] Use of undefined constant SESSION_OPTIONS - assumed 'SESSION_OPTIONS' D:\xampp\htdocs\classMoments2\Application\Home\Conf\config.php 第 11 行.
INFO: [ app_begin ] --START--
INFO: Run Behavior\ReadHtmlCacheBehavior [ RunTime:0.000451s ]
INFO: [ app_begin ] --END-- [ RunTime:0.000504s ]
INFO: [ view_parse ] --START--
INFO: [ template_filter ] --START--
INFO: Run Behavior\ContentReplaceBehavior [ RunTime:0.000138s ]
INFO: [ template_filter ] --END-- [ RunTime:0.000218s ]
NOTIC: [8] Undefined variable: error D:\xampp\htdocs\classMoments2\Application\Runtime\Cache\Home\7decc6381a0efdf852760515fe6f7762.php 第 35 行.
NOTIC: [8] Undefined variable: op D:\xampp\htdocs\classMoments2\Application\Runtime\Cache\Home\7decc6381a0efdf852760515fe6f7762.php 第 36 行.
NOTIC: [8] Undefined variable: op D:\xampp\htdocs\classMoments2\Application\Runtime\Cache\Home\7decc6381a0efdf852760515fe6f7762.php 第 38 行.
NOTIC: [8] Undefined variable: error D:\xampp\htdocs\classMoments2\Application\Runtime\Cache\Home\7decc6381a0efdf852760515fe6f7762.php 第 244 行.
NOTIC: [8] Undefined variable: error D:\xampp\htdocs\classMoments2\Application\Runtime\Cache\Home\7decc6381a0efdf852760515fe6f7762.php 第 292 行.
INFO: Run Behavior\ParseTemplateBehavior [ RunTime:0.010696s ]
INFO: [ view_parse ] --END-- [ RunTime:0.010746s ]
INFO: [ view_filter ] --START--
INFO: Run Behavior\WriteHtmlCacheBehavior [ RunTime:0.000241s ]
INFO: [ view_filter ] --END-- [ RunTime:0.000277s ]
INFO: [ app_end ] --START--
INFO: Run Behavior\ShowPageTraceBehavior [ RunTime:0.000517s ]
INFO: [ app_end ] --END-- [ RunTime:0.000571s ]

[ 2017-06-24T16:05:06+08:00 ] ::1 /classmoments2/index.php?m=Home&c=User&a=login
INFO: [ app_init ] --START--
INFO: Run Behavior\BuildLiteBehavior [ RunTime:0.000023s ]
INFO: [ app_init ] --END-- [ RunTime:0.000638s ]
NOTIC: [8] Use of undefined constant SESSION_OPTIONS - assumed 'SESSION_OPTIONS' D:\xampp\htdocs\classMoments2\Application\Home\Conf\config.php 第 11 行.
INFO: [ app_begin ] --START--
INFO: Run Behavior\ReadHtmlCacheBehavior [ RunTime:0.001064s ]
INFO: [ app_begin ] --END-- [ RunTime:0.001173s ]
INFO: [ view_parse ] --START--
INFO: [ template_filter ] --START--
INFO: Run Behavior\ContentReplaceBehavior [ RunTime:0.000156s ]
INFO: [ template_filter ] --END-- [ RunTime:0.000239s ]
NOTIC: [8] Undefined variable: error D:\xampp\htdocs\classMoments2\Application\Runtime\Cache\Home\7decc6381a0efdf852760515fe6f7762.php 第 35 行.
NOTIC: [8] Undefined variable: op D:\xampp\htdocs\classMoments2\Application\Runtime\Cache\Home\7decc6381a0efdf852760515fe6f7762.php 第 36 行.
NOTIC: [8] Undefined variable: op D:\xampp\htdocs\classMoments2\Application\Runtime\Cache\Home\7decc6381a0efdf852760515fe6f7762.php 第 38 行.
NOTIC: [8] Undefined variable: error D:\xampp\htdocs\classMoments2\Application\Runtime\Cache\Home\7decc6381a0efdf852760515fe6f7762.php 第 244 行.
NOTIC: [8] Undefined variable: error D:\xampp\htdocs\classMoments2\Application\Runtime\Cache\Home\7decc6381a0efdf852760515fe6f7762.php 第 292 行.
INFO: Run Behavior\ParseTemplateBehavior [ RunTime:0.011573s ]
INFO: [ view_parse ] --END-- [ RunTime:0.011651s ]
INFO: [ view_filter ] --START--
INFO: Run Behavior\WriteHtmlCacheBehavior [ RunTime:0.000554s ]
INFO: [ view_filter ] --END-- [ RunTime:0.000624s ]
INFO: [ app_end ] --START--
INFO: Run Behavior\ShowPageTraceBehavior [ RunTime:0.001041s ]
INFO: [ app_end ] --END-- [ RunTime:0.001127s ]

[ 2017-06-24T16:05:20+08:00 ] ::1 /classmoments2/index.php?m=Home&c=User&a=login
INFO: [ app_init ] --START--
INFO: Run Behavior\BuildLiteBehavior [ RunTime:0.000021s ]
INFO: [ app_init ] --END-- [ RunTime:0.000561s ]
NOTIC: [8] Use of undefined constant SESSION_OPTIONS - assumed 'SESSION_OPTIONS' D:\xampp\htdocs\classMoments2\Application\Home\Conf\config.php 第 11 行.
INFO: [ app_begin ] --START--
INFO: Run Behavior\ReadHtmlCacheBehavior [ RunTime:0.000469s ]
INFO: [ app_begin ] --END-- [ RunTime:0.000540s ]
INFO: [ view_parse ] --START--
INFO: [ template_filter ] --START--
INFO: Run Behavior\ContentReplaceBehavior [ RunTime:0.000133s ]
INFO: [ template_filter ] --END-- [ RunTime:0.000238s ]
NOTIC: [8] Undefined variable: error D:\xampp\htdocs\classMoments2\Application\Runtime\Cache\Home\7decc6381a0efdf852760515fe6f7762.php 第 35 行.
NOTIC: [8] Undefined variable: op D:\xampp\htdocs\classMoments2\Application\Runtime\Cache\Home\7decc6381a0efdf852760515fe6f7762.php 第 36 行.
NOTIC: [8] Undefined variable: op D:\xampp\htdocs\classMoments2\Application\Runtime\Cache\Home\7decc6381a0efdf852760515fe6f7762.php 第 38 行.
NOTIC: [8] Undefined variable: error D:\xampp\htdocs\classMoments2\Application\Runtime\Cache\Home\7decc6381a0efdf852760515fe6f7762.php 第 244 行.
NOTIC: [8] Undefined variable: error D:\xampp\htdocs\classMoments2\Application\Runtime\Cache\Home\7decc6381a0efdf852760515fe6f7762.php 第 292 行.
INFO: Run Behavior\ParseTemplateBehavior [ RunTime:0.010164s ]
INFO: [ view_parse ] --END-- [ RunTime:0.010232s ]
INFO: [ view_filter ] --START--
INFO: Run Behavior\WriteHtmlCacheBehavior [ RunTime:0.000285s ]
INFO: [ view_filter ] --END-- [ RunTime:0.000328s ]
INFO: [ app_end ] --START--
INFO: Run Behavior\ShowPageTraceBehavior [ RunTime:0.000594s ]
INFO: [ app_end ] --END-- [ RunTime:0.000656s ]

[ 2017-06-24T16:05:22+08:00 ] ::1 /classmoments2/index.php?m=Home&c=User&a=login
INFO: [ app_init ] --START--
INFO: Run Behavior\BuildLiteBehavior [ RunTime:0.000022s ]
INFO: [ app_init ] --END-- [ RunTime:0.000517s ]
NOTIC: [8] Use of undefined constant SESSION_OPTIONS - assumed 'SESSION_OPTIONS' D:\xampp\htdocs\classMoments2\Application\Home\Conf\config.php 第 11 行.
INFO: [ app_begin ] --START--
INFO: Run Behavior\ReadHtmlCacheBehavior [ RunTime:0.000679s ]
INFO: [ app_begin ] --END-- [ RunTime:0.000771s ]
INFO: [ view_parse ] --START--
INFO: [ template_filter ] --START--
INFO: Run Behavior\ContentReplaceBehavior [ RunTime:0.000130s ]
INFO: [ template_filter ] --END-- [ RunTime:0.000212s ]
NOTIC: [8] Undefined variable: error D:\xampp\htdocs\classMoments2\Application\Runtime\Cache\Home\7decc6381a0efdf852760515fe6f7762.php 第 35 行.
NOTIC: [8] Undefined variable: op D:\xampp\htdocs\classMoments2\Application\Runtime\Cache\Home\7decc6381a0efdf852760515fe6f7762.php 第 36 行.
NOTIC: [8] Undefined variable: op D:\xampp\htdocs\classMoments2\Application\Runtime\Cache\Home\7decc6381a0efdf852760515fe6f7762.php 第 38 行.
NOTIC: [8] Undefined variable: error D:\xampp\htdocs\classMoments2\Application\Runtime\Cache\Home\7decc6381a0efdf852760515fe6f7762.php 第 244 行.
NOTIC: [8] Undefined variable: error D:\xampp\htdocs\classMoments2\Application\Runtime\Cache\Home\7decc6381a0efdf852760515fe6f7762.php 第 292 行.
INFO: Run Behavior\ParseTemplateBehavior [ RunTime:0.010103s ]
INFO: [ view_parse ] --END-- [ RunTime:0.010186s ]
INFO: [ view_filter ] --START--
INFO: Run Behavior\WriteHtmlCacheBehavior [ RunTime:0.000430s ]
INFO: [ view_filter ] --END-- [ RunTime:0.000498s ]
INFO: [ app_end ] --START--
INFO: Run Behavior\ShowPageTraceBehavior [ RunTime:0.000710s ]
INFO: [ app_end ] --END-- [ RunTime:0.000788s ]

[ 2017-06-24T16:06:42+08:00 ] ::1 /classmoments2/index.php?m=Home&c=User&a=login
INFO: [ app_init ] --START--
INFO: Run Behavior\BuildLiteBehavior [ RunTime:0.000031s ]
INFO: [ app_init ] --END-- [ RunTime:0.000625s ]
NOTIC: [8] Use of undefined constant SESSION_OPTIONS - assumed 'SESSION_OPTIONS' D:\xampp\htdocs\classMoments2\Application\Home\Conf\config.php 第 11 行.
INFO: [ app_begin ] --START--
INFO: Run Behavior\ReadHtmlCacheBehavior [ RunTime:0.000545s ]
INFO: [ app_begin ] --END-- [ RunTime:0.000627s ]
INFO: [ view_parse ] --START--
INFO: [ template_filter ] --START--
INFO: Run Behavior\ContentReplaceBehavior [ RunTime:0.000079s ]
INFO: [ template_filter ] --END-- [ RunTime:0.000130s ]
NOTIC: [8] Undefined variable: error D:\xampp\htdocs\classMoments2\Application\Runtime\Cache\Home\7decc6381a0efdf852760515fe6f7762.php 第 36 行.
NOTIC: [8] Undefined variable: op D:\xampp\htdocs\classMoments2\Application\Runtime\Cache\Home\7decc6381a0efdf852760515fe6f7762.php 第 37 行.
NOTIC: [8] Undefined variable: op D:\xampp\htdocs\classMoments2\Application\Runtime\Cache\Home\7decc6381a0efdf852760515fe6f7762.php 第 39 行.
NOTIC: [8] Undefined variable: error D:\xampp\htdocs\classMoments2\Application\Runtime\Cache\Home\7decc6381a0efdf852760515fe6f7762.php 第 245 行.
NOTIC: [8] Undefined variable: error D:\xampp\htdocs\classMoments2\Application\Runtime\Cache\Home\7decc6381a0efdf852760515fe6f7762.php 第 293 行.
INFO: Run Behavior\ParseTemplateBehavior [ RunTime:0.006908s ]
INFO: [ view_parse ] --END-- [ RunTime:0.006964s ]
INFO: [ view_filter ] --START--
INFO: Run Behavior\WriteHtmlCacheBehavior [ RunTime:0.000215s ]
INFO: [ view_filter ] --END-- [ RunTime:0.000249s ]
INFO: [ app_end ] --START--
INFO: Run Behavior\ShowPageTraceBehavior [ RunTime:0.000498s ]
INFO: [ app_end ] --END-- [ RunTime:0.000553s ]

[ 2017-06-24T16:06:45+08:00 ] ::1 /classmoments2/
INFO: [ app_init ] --START--
INFO: Run Behavior\BuildLiteBehavior [ RunTime:0.000016s ]
INFO: [ app_init ] --END-- [ RunTime:0.000454s ]
NOTIC: [8] Use of undefined constant SESSION_OPTIONS - assumed 'SESSION_OPTIONS' D:\xampp\htdocs\classMoments2\Application\Home\Conf\config.php 第 11 行.
INFO: [ app_begin ] --START--
INFO: Run Behavior\ReadHtmlCacheBehavior [ RunTime:0.000555s ]
INFO: [ app_begin ] --END-- [ RunTime:0.000626s ]

[ 2017-06-24T16:06:45+08:00 ] ::1 /classmoments2/index.php?m=Home&c=User&a=index
INFO: [ app_init ] --START--
INFO: Run Behavior\BuildLiteBehavior [ RunTime:0.000013s ]
INFO: [ app_init ] --END-- [ RunTime:0.000315s ]
NOTIC: [8] Use of undefined constant SESSION_OPTIONS - assumed 'SESSION_OPTIONS' D:\xampp\htdocs\classMoments2\Application\Home\Conf\config.php 第 11 行.
INFO: [ app_begin ] --START--
INFO: Run Behavior\ReadHtmlCacheBehavior [ RunTime:0.000444s ]
INFO: [ app_begin ] --END-- [ RunTime:0.000486s ]

[ 2017-06-24T16:06:45+08:00 ] ::1 /classmoments2/index.php?m=Home&c=User&a=login
INFO: [ app_init ] --START--
INFO: Run Behavior\BuildLiteBehavior [ RunTime:0.000012s ]
INFO: [ app_init ] --END-- [ RunTime:0.000311s ]
NOTIC: [8] Use of undefined constant SESSION_OPTIONS - assumed 'SESSION_OPTIONS' D:\xampp\htdocs\classMoments2\Application\Home\Conf\config.php 第 11 行.
INFO: [ app_begin ] --START--
INFO: Run Behavior\ReadHtmlCacheBehavior [ RunTime:0.000399s ]
INFO: [ app_begin ] --END-- [ RunTime:0.000441s ]
INFO: [ view_parse ] --START--
INFO: [ template_filter ] --START--
INFO: Run Behavior\ContentReplaceBehavior [ RunTime:0.000087s ]
INFO: [ template_filter ] --END-- [ RunTime:0.000140s ]
NOTIC: [8] Undefined variable: error D:\xampp\htdocs\classMoments2\Application\Runtime\Cache\Home\7decc6381a0efdf852760515fe6f7762.php 第 36 行.
NOTIC: [8] Undefined variable: op D:\xampp\htdocs\classMoments2\Application\Runtime\Cache\Home\7decc6381a0efdf852760515fe6f7762.php 第 37 行.
NOTIC: [8] Undefined variable: op D:\xampp\htdocs\classMoments2\Application\Runtime\Cache\Home\7decc6381a0efdf852760515fe6f7762.php 第 39 行.
NOTIC: [8] Undefined variable: error D:\xampp\htdocs\classMoments2\Application\Runtime\Cache\Home\7decc6381a0efdf852760515fe6f7762.php 第 245 行.
NOTIC: [8] Undefined variable: error D:\xampp\htdocs\classMoments2\Application\Runtime\Cache\Home\7decc6381a0efdf852760515fe6f7762.php 第 293 行.
INFO: Run Behavior\ParseTemplateBehavior [ RunTime:0.006746s ]
INFO: [ view_parse ] --END-- [ RunTime:0.006804s ]
INFO: [ view_filter ] --START--
INFO: Run Behavior\WriteHtmlCacheBehavior [ RunTime:0.000212s ]
INFO: [ view_filter ] --END-- [ RunTime:0.000243s ]
INFO: [ app_end ] --START--
INFO: Run Behavior\ShowPageTraceBehavior [ RunTime:0.000448s ]
INFO: [ app_end ] --END-- [ RunTime:0.000492s ]

[ 2017-06-24T16:06:49+08:00 ] ::1 /classmoments2/index.php?m=Home&c=User&a=login
INFO: [ app_init ] --START--
INFO: Run Behavior\BuildLiteBehavior [ RunTime:0.000021s ]
INFO: [ app_init ] --END-- [ RunTime:0.000582s ]
NOTIC: [8] Use of undefined constant SESSION_OPTIONS - assumed 'SESSION_OPTIONS' D:\xampp\htdocs\classMoments2\Application\Home\Conf\config.php 第 11 行.
INFO: [ app_begin ] --START--
INFO: Run Behavior\ReadHtmlCacheBehavior [ RunTime:0.000522s ]
INFO: [ app_begin ] --END-- [ RunTime:0.000592s ]
INFO: [ view_parse ] --START--
INFO: [ template_filter ] --START--
INFO: Run Behavior\ContentReplaceBehavior [ RunTime:0.000138s ]
INFO: [ template_filter ] --END-- [ RunTime:0.000206s ]
NOTIC: [8] Undefined variable: error D:\xampp\htdocs\classMoments2\Application\Runtime\Cache\Home\7decc6381a0efdf852760515fe6f7762.php 第 36 行.
NOTIC: [8] Undefined variable: op D:\xampp\htdocs\classMoments2\Application\Runtime\Cache\Home\7decc6381a0efdf852760515fe6f7762.php 第 37 行.
NOTIC: [8] Undefined variable: op D:\xampp\htdocs\classMoments2\Application\Runtime\Cache\Home\7decc6381a0efdf852760515fe6f7762.php 第 39 行.
NOTIC: [8] Undefined variable: error D:\xampp\htdocs\classMoments2\Application\Runtime\Cache\Home\7decc6381a0efdf852760515fe6f7762.php 第 245 行.
NOTIC: [8] Undefined variable: error D:\xampp\htdocs\classMoments2\Application\Runtime\Cache\Home\7decc6381a0efdf852760515fe6f7762.php 第 293 行.
INFO: Run Behavior\ParseTemplateBehavior [ RunTime:0.007800s ]
INFO: [ view_parse ] --END-- [ RunTime:0.007861s ]
INFO: [ view_filter ] --START--
INFO: Run Behavior\WriteHtmlCacheBehavior [ RunTime:0.000378s ]
INFO: [ view_filter ] --END-- [ RunTime:0.000435s ]
INFO: [ app_end ] --START--
INFO: Run Behavior\ShowPageTraceBehavior [ RunTime:0.000602s ]
INFO: [ app_end ] --END-- [ RunTime:0.000668s ]

[ 2017-06-24T16:06:54+08:00 ] ::1 /classmoments2/index.php?m=Home&c=User&a=login
INFO: [ app_init ] --START--
INFO: Run Behavior\BuildLiteBehavior [ RunTime:0.000015s ]
INFO: [ app_init ] --END-- [ RunTime:0.000422s ]
NOTIC: [8] Use of undefined constant SESSION_OPTIONS - assumed 'SESSION_OPTIONS' D:\xampp\htdocs\classMoments2\Application\Home\Conf\config.php 第 11 行.
INFO: [ app_begin ] --START--
INFO: Run Behavior\ReadHtmlCacheBehavior [ RunTime:0.000504s ]
INFO: [ app_begin ] --END-- [ RunTime:0.000545s ]
INFO: [ view_parse ] --START--
INFO: [ template_filter ] --START--
INFO: Run Behavior\ContentReplaceBehavior [ RunTime:0.000086s ]
INFO: [ template_filter ] --END-- [ RunTime:0.000143s ]
NOTIC: [8] Undefined variable: error D:\xampp\htdocs\classMoments2\Application\Runtime\Cache\Home\7decc6381a0efdf852760515fe6f7762.php 第 36 行.
NOTIC: [8] Undefined variable: op D:\xampp\htdocs\classMoments2\Application\Runtime\Cache\Home\7decc6381a0efdf852760515fe6f7762.php 第 37 行.
NOTIC: [8] Undefined variable: op D:\xampp\htdocs\classMoments2\Application\Runtime\Cache\Home\7decc6381a0efdf852760515fe6f7762.php 第 39 行.
NOTIC: [8] Undefined variable: error D:\xampp\htdocs\classMoments2\Application\Runtime\Cache\Home\7decc6381a0efdf852760515fe6f7762.php 第 245 行.
NOTIC: [8] Undefined variable: error D:\xampp\htdocs\classMoments2\Application\Runtime\Cache\Home\7decc6381a0efdf852760515fe6f7762.php 第 293 行.
INFO: Run Behavior\ParseTemplateBehavior [ RunTime:0.007729s ]
INFO: [ view_parse ] --END-- [ RunTime:0.007774s ]
INFO: [ view_filter ] --START--
INFO: Run Behavior\WriteHtmlCacheBehavior [ RunTime:0.000359s ]
INFO: [ view_filter ] --END-- [ RunTime:0.000396s ]
INFO: [ app_end ] --START--
INFO: Run Behavior\ShowPageTraceBehavior [ RunTime:0.000570s ]
INFO: [ app_end ] --END-- [ RunTime:0.000637s ]

[ 2017-06-24T16:08:07+08:00 ] ::1 /classmoments2/index.php?m=Home&c=User&a=login
INFO: [ app_init ] --START--
INFO: Run Behavior\BuildLiteBehavior [ RunTime:0.000024s ]
INFO: [ app_init ] --END-- [ RunTime:0.000553s ]
NOTIC: [8] Use of undefined constant SESSION_OPTIONS - assumed 'SESSION_OPTIONS' D:\xampp\htdocs\classMoments2\Application\Home\Conf\config.php 第 11 行.
INFO: [ app_begin ] --START--
INFO: Run Behavior\ReadHtmlCacheBehavior [ RunTime:0.000835s ]
INFO: [ app_begin ] --END-- [ RunTime:0.000925s ]
INFO: [ view_parse ] --START--
INFO: [ template_filter ] --START--
INFO: Run Behavior\ContentReplaceBehavior [ RunTime:0.000088s ]
INFO: [ template_filter ] --END-- [ RunTime:0.000144s ]
NOTIC: [8] Undefined variable: error D:\xampp\htdocs\classMoments2\Application\Runtime\Cache\Home\7decc6381a0efdf852760515fe6f7762.php 第 36 行.
NOTIC: [8] Undefined variable: op D:\xampp\htdocs\classMoments2\Application\Runtime\Cache\Home\7decc6381a0efdf852760515fe6f7762.php 第 37 行.
NOTIC: [8] Undefined variable: op D:\xampp\htdocs\classMoments2\Application\Runtime\Cache\Home\7decc6381a0efdf852760515fe6f7762.php 第 39 行.
NOTIC: [8] Undefined variable: error D:\xampp\htdocs\classMoments2\Application\Runtime\Cache\Home\7decc6381a0efdf852760515fe6f7762.php 第 245 行.
NOTIC: [8] Undefined variable: error D:\xampp\htdocs\classMoments2\Application\Runtime\Cache\Home\7decc6381a0efdf852760515fe6f7762.php 第 293 行.
INFO: Run Behavior\ParseTemplateBehavior [ RunTime:0.008340s ]
INFO: [ view_parse ] --END-- [ RunTime:0.008405s ]
INFO: [ view_filter ] --START--
INFO: Run Behavior\WriteHtmlCacheBehavior [ RunTime:0.000361s ]
INFO: [ view_filter ] --END-- [ RunTime:0.000396s ]
INFO: [ app_end ] --START--
INFO: Run Behavior\ShowPageTraceBehavior [ RunTime:0.001097s ]
INFO: [ app_end ] --END-- [ RunTime:0.001187s ]

[ 2017-06-24T16:09:58+08:00 ] ::1 /classmoments2/index.php?m=Home&c=User&a=login
INFO: [ app_init ] --START--
INFO: Run Behavior\BuildLiteBehavior [ RunTime:0.000024s ]
INFO: [ app_init ] --END-- [ RunTime:0.001170s ]
NOTIC: [8] Use of undefined constant SESSION_OPTIONS - assumed 'SESSION_OPTIONS' D:\xampp\htdocs\classMoments2\Application\Home\Conf\config.php 第 11 行.
INFO: [ app_begin ] --START--
INFO: Run Behavior\ReadHtmlCacheBehavior [ RunTime:0.000857s ]
INFO: [ app_begin ] --END-- [ RunTime:0.000945s ]
INFO: [ view_parse ] --START--
INFO: [ template_filter ] --START--
INFO: Run Behavior\ContentReplaceBehavior [ RunTime:0.000142s ]
INFO: [ template_filter ] --END-- [ RunTime:0.000227s ]
NOTIC: [8] Undefined variable: error D:\xampp\htdocs\classMoments2\Application\Runtime\Cache\Home\7decc6381a0efdf852760515fe6f7762.php 第 36 行.
NOTIC: [8] Undefined variable: op D:\xampp\htdocs\classMoments2\Application\Runtime\Cache\Home\7decc6381a0efdf852760515fe6f7762.php 第 37 行.
NOTIC: [8] Undefined variable: op D:\xampp\htdocs\classMoments2\Application\Runtime\Cache\Home\7decc6381a0efdf852760515fe6f7762.php 第 39 行.
NOTIC: [8] Undefined variable: error D:\xampp\htdocs\classMoments2\Application\Runtime\Cache\Home\7decc6381a0efdf852760515fe6f7762.php 第 245 行.
NOTIC: [8] Undefined variable: error D:\xampp\htdocs\classMoments2\Application\Runtime\Cache\Home\7decc6381a0efdf852760515fe6f7762.php 第 293 行.
INFO: Run Behavior\ParseTemplateBehavior [ RunTime:0.011109s ]
INFO: [ view_parse ] --END-- [ RunTime:0.011182s ]
INFO: [ view_filter ] --START--
INFO: Run Behavior\WriteHtmlCacheBehavior [ RunTime:0.000548s ]
INFO: [ view_filter ] --END-- [ RunTime:0.000600s ]
INFO: [ app_end ] --START--
INFO: Run Behavior\ShowPageTraceBehavior [ RunTime:0.000912s ]
INFO: [ app_end ] --END-- [ RunTime:0.000988s ]

